2023-04-18 20:45:34 INFO  Log:20 - *************************
2023-04-18 20:45:34 INFO  Log:21 - *************************
2023-04-18 20:45:34 INFO  Log:22 - ***********This is the beginning of my Test case************
2023-04-18 20:45:34 INFO  Log:36 - My test case is executing right now
2023-04-18 20:45:34 INFO  Log:41 - My test case might have some trivial issues
2023-04-18 20:46:35 INFO  Log:36 - This test case is about to get completed
2023-04-18 20:46:35 INFO  Log:30 - ######################################
2023-04-18 20:46:35 INFO  Log:31 - ######################################
2023-04-18 20:46:35 INFO  Log:32 - #################This test case is finished#####################
2023-04-23 15:05:41 INFO  Log:20 - *************************
2023-04-23 15:05:41 INFO  Log:21 - *************************
2023-04-23 15:05:41 INFO  Log:22 - ***********This is the beginning of my Test case************
2023-04-23 15:05:41 INFO  Log:35 - My test case is executing right now
2023-04-23 15:05:41 INFO  Log:40 - My test case might have some trivial issues
2023-04-23 15:05:52 INFO  Log:35 - This test case is about to get completed
2023-04-23 15:05:52 INFO  Log:29 - ######################################
2023-04-23 15:05:52 INFO  Log:30 - ######################################
2023-04-23 15:05:52 INFO  Log:31 - #################This test case is finished#####################
2023-04-23 15:36:28 INFO  Log:20 - *************************
2023-04-23 15:36:28 INFO  Log:21 - *************************
2023-04-23 15:36:28 INFO  Log:22 - ***********This is the beginning of my Test case************
2023-04-23 15:36:28 INFO  Log:35 - My test case is executing right now
2023-04-23 15:36:28 INFO  Log:40 - My test case might have some trivial issues
2023-04-23 15:36:41 INFO  Log:35 - This test case is about to get completed
2023-04-23 15:36:41 INFO  Log:29 - ######################################
2023-04-23 15:36:41 INFO  Log:30 - ######################################
2023-04-23 15:36:41 INFO  Log:31 - #################This test case is finished#####################
2023-05-13 12:29:40 INFO  Log:20 - *************************
2023-05-13 12:29:40 INFO  Log:21 - *************************
2023-05-13 12:29:40 INFO  Log:22 - ***********This is the beginning of my Test case************
2023-05-13 12:29:40 INFO  Log:35 - My test case is executing right now
2023-05-13 12:29:40 INFO  Log:40 - My test case might have some trivial issues
2023-05-13 12:29:43 INFO  Log:35 - This test case is about to get completed
2023-05-13 12:29:43 INFO  Log:29 - ######################################
2023-05-13 12:29:43 INFO  Log:30 - ######################################
2023-05-13 12:29:43 INFO  Log:31 - #################This test case is finished#####################
2023-05-13 12:31:45 INFO  Log:20 - *************************
2023-05-13 12:31:45 INFO  Log:21 - *************************
2023-05-13 12:31:45 INFO  Log:22 - ***********This is the beginning of my Test case************
2023-05-13 12:31:45 INFO  Log:35 - My test case is executing right now
2023-05-13 12:31:45 INFO  Log:40 - My test case might have some trivial issues
2023-05-13 12:31:48 INFO  Log:35 - This test case is about to get completed
2023-05-13 12:31:48 INFO  Log:29 - ######################################
2023-05-13 12:31:48 INFO  Log:30 - ######################################
2023-05-13 12:31:48 INFO  Log:31 - #################This test case is finished#####################
2023-05-13 12:40:59 INFO  Log:20 - *************************
2023-05-13 12:40:59 INFO  Log:21 - *************************
2023-05-13 12:40:59 INFO  Log:22 - ***********This is the beginning of my Test case************
2023-05-13 12:40:59 INFO  Log:35 - My test case is executing right now
2023-05-13 12:40:59 INFO  Log:40 - My test case might have some trivial issues
2023-05-13 12:41:01 INFO  Log:35 - This test case is about to get completed
2023-05-13 12:41:01 INFO  Log:29 - ######################################
2023-05-13 12:41:01 INFO  Log:30 - ######################################
2023-05-13 12:41:01 INFO  Log:31 - #################This test case is finished#####################
2023-05-13 12:50:00 INFO  Log:20 - *************************
2023-05-13 12:50:00 INFO  Log:21 - *************************
2023-05-13 12:50:00 INFO  Log:22 - ***********This is the beginning of my Test case************
2023-05-13 12:50:00 INFO  Log:35 - My test case is executing right now
2023-05-13 12:50:00 INFO  Log:40 - My test case might have some trivial issues
2023-05-13 12:50:02 INFO  Log:35 - This test case is about to get completed
2023-05-13 12:50:02 INFO  Log:29 - ######################################
2023-05-13 12:50:02 INFO  Log:30 - ######################################
2023-05-13 12:50:02 INFO  Log:31 - #################This test case is finished#####################
2023-05-13 12:58:24 INFO  Log:20 - *************************
2023-05-13 12:58:24 INFO  Log:21 - *************************
2023-05-13 12:58:24 INFO  Log:22 - ***********This is the beginning of my Test case************
2023-05-13 12:58:24 INFO  Log:35 - My test case is executing right now
2023-05-13 12:58:24 INFO  Log:40 - My test case might have some trivial issues
2023-05-13 12:58:26 INFO  Log:35 - This test case is about to get completed
2023-05-13 12:58:26 INFO  Log:29 - ######################################
2023-05-13 12:58:26 INFO  Log:30 - ######################################
2023-05-13 12:58:26 INFO  Log:31 - #################This test case is finished#####################
2023-05-13 13:00:20 INFO  Log:20 - *************************
2023-05-13 13:00:20 INFO  Log:21 - *************************
2023-05-13 13:00:20 INFO  Log:22 - ***********This is the beginning of my Test case************
2023-05-13 13:00:20 INFO  Log:35 - My test case is executing right now
2023-05-13 13:00:20 INFO  Log:40 - My test case might have some trivial issues
2023-05-13 13:00:23 INFO  Log:35 - This test case is about to get completed
2023-05-13 13:00:23 INFO  Log:29 - ######################################
2023-05-13 13:00:23 INFO  Log:30 - ######################################
2023-05-13 13:00:23 INFO  Log:31 - #################This test case is finished#####################
2023-05-13 13:08:14 INFO  Log:20 - *************************
2023-05-13 13:08:14 INFO  Log:21 - *************************
2023-05-13 13:08:14 INFO  Log:22 - ***********This is the beginning of my Test case************
2023-05-13 13:08:14 INFO  Log:35 - My test case is executing right now
2023-05-13 13:08:14 INFO  Log:40 - My test case might have some trivial issues
2023-05-13 13:08:16 INFO  Log:35 - This test case is about to get completed
2023-05-13 13:08:16 INFO  Log:29 - ######################################
2023-05-13 13:08:16 INFO  Log:30 - ######################################
2023-05-13 13:08:16 INFO  Log:31 - #################This test case is finished#####################
2023-05-13 13:08:55 INFO  Log:20 - *************************
2023-05-13 13:08:55 INFO  Log:21 - *************************
2023-05-13 13:08:55 INFO  Log:22 - ***********This is the beginning of my Test case************
2023-05-13 13:08:55 INFO  Log:35 - My test case is executing right now
2023-05-13 13:08:55 INFO  Log:40 - My test case might have some trivial issues
2023-05-13 13:08:57 INFO  Log:35 - This test case is about to get completed
2023-05-13 13:08:57 INFO  Log:29 - ######################################
2023-05-13 13:08:57 INFO  Log:30 - ######################################
2023-05-13 13:08:57 INFO  Log:31 - #################This test case is finished#####################
2023-05-13 13:13:14 INFO  Log:20 - *************************
2023-05-13 13:13:14 INFO  Log:21 - *************************
2023-05-13 13:13:14 INFO  Log:22 - ***********This is the beginning of my Test case************
2023-05-13 13:13:14 INFO  Log:35 - My test case is executing right now
2023-05-13 13:13:14 INFO  Log:40 - My test case might have some trivial issues
2023-05-13 13:13:16 INFO  Log:35 - This test case is about to get completed
2023-05-13 13:13:16 INFO  Log:29 - ######################################
2023-05-13 13:13:16 INFO  Log:30 - ######################################
2023-05-13 13:13:16 INFO  Log:31 - #################This test case is finished#####################
2023-05-13 13:14:10 INFO  Log:20 - *************************
2023-05-13 13:14:10 INFO  Log:21 - *************************
2023-05-13 13:14:10 INFO  Log:22 - ***********This is the beginning of my Test case************
2023-05-13 13:14:10 INFO  Log:35 - My test case is executing right now
2023-05-13 13:14:10 INFO  Log:40 - My test case might have some trivial issues
2023-05-13 13:14:12 INFO  Log:35 - This test case is about to get completed
2023-05-13 13:14:12 INFO  Log:29 - ######################################
2023-05-13 13:14:12 INFO  Log:30 - ######################################
2023-05-13 13:14:12 INFO  Log:31 - #################This test case is finished#####################
2023-05-13 13:18:18 INFO  Log:20 - *************************
2023-05-13 13:18:18 INFO  Log:21 - *************************
2023-05-13 13:18:18 INFO  Log:22 - ***********This is the beginning of my Test case************
2023-05-13 13:18:18 INFO  Log:35 - My test case is executing right now
2023-05-13 13:18:18 INFO  Log:40 - My test case might have some trivial issues
2023-05-13 13:18:20 INFO  Log:35 - This test case is about to get completed
2023-05-13 13:18:20 INFO  Log:29 - ######################################
2023-05-13 13:18:20 INFO  Log:30 - ######################################
2023-05-13 13:18:20 INFO  Log:31 - #################This test case is finished#####################
2023-05-13 13:19:37 INFO  Log:20 - *************************
2023-05-13 13:19:37 INFO  Log:21 - *************************
2023-05-13 13:19:37 INFO  Log:22 - ***********This is the beginning of my Test case************
2023-05-13 13:19:37 INFO  Log:35 - My test case is executing right now
2023-05-13 13:19:37 INFO  Log:40 - My test case might have some trivial issues
2023-05-13 13:19:39 INFO  Log:35 - This test case is about to get completed
2023-05-13 13:19:39 INFO  Log:29 - ######################################
2023-05-13 13:19:39 INFO  Log:30 - ######################################
2023-05-13 13:19:39 INFO  Log:31 - #################This test case is finished#####################
2023-05-13 13:23:20 INFO  Log:20 - *************************
2023-05-13 13:23:20 INFO  Log:21 - *************************
2023-05-13 13:23:20 INFO  Log:22 - ***********This is the beginning of my Test case************
2023-05-13 13:23:20 INFO  Log:35 - My test case is executing right now
2023-05-13 13:23:20 INFO  Log:40 - My test case might have some trivial issues
2023-05-13 13:23:22 INFO  Log:35 - This test case is about to get completed
2023-05-13 13:23:22 INFO  Log:29 - ######################################
2023-05-13 13:23:22 INFO  Log:30 - ######################################
2023-05-13 13:23:22 INFO  Log:31 - #################This test case is finished#####################
2023-05-13 13:24:40 INFO  Log:20 - *************************
2023-05-13 13:24:40 INFO  Log:21 - *************************
2023-05-13 13:24:40 INFO  Log:22 - ***********This is the beginning of my Test case************
2023-05-13 13:24:40 INFO  Log:35 - My test case is executing right now
2023-05-13 13:24:40 INFO  Log:40 - My test case might have some trivial issues
2023-05-13 13:24:43 INFO  Log:35 - This test case is about to get completed
2023-05-13 13:24:43 INFO  Log:29 - ######################################
2023-05-13 13:24:43 INFO  Log:30 - ######################################
2023-05-13 13:24:43 INFO  Log:31 - #################This test case is finished#####################
2023-05-13 13:25:14 INFO  Log:20 - *************************
2023-05-13 13:25:14 INFO  Log:21 - *************************
2023-05-13 13:25:14 INFO  Log:22 - ***********This is the beginning of my Test case************
2023-05-13 13:25:14 INFO  Log:35 - My test case is executing right now
2023-05-13 13:25:14 INFO  Log:40 - My test case might have some trivial issues
2023-05-13 13:25:16 INFO  Log:35 - This test case is about to get completed
2023-05-13 13:25:16 INFO  Log:29 - ######################################
2023-05-13 13:25:16 INFO  Log:30 - ######################################
2023-05-13 13:25:16 INFO  Log:31 - #################This test case is finished#####################
2023-05-18 18:18:30 INFO  Log:20 - *************************
2023-05-18 18:18:30 INFO  Log:21 - *************************
2023-05-18 18:18:30 INFO  Log:22 - ***********This is the beginning of my Test case************
2023-05-18 18:18:30 INFO  Log:35 - My test case is executing right now
2023-05-18 18:18:30 INFO  Log:40 - My test case might have some trivial issues
2023-05-18 18:18:46 INFO  Log:35 - This test case is about to get completed
2023-05-18 18:18:46 INFO  Log:29 - ######################################
2023-05-18 18:18:46 INFO  Log:30 - ######################################
2023-05-18 18:18:46 INFO  Log:31 - #################This test case is finished#####################
2023-05-30 21:28:17 INFO  Log:20 - *************************
2023-05-30 21:28:17 INFO  Log:21 - *************************
2023-05-30 21:28:17 INFO  Log:22 - ***********This is the beginning of my Test case************
2023-05-30 21:28:17 INFO  Log:35 - My test case is executing right now
2023-05-30 21:28:17 INFO  Log:40 - My test case might have some trivial issues
2023-05-30 21:28:38 INFO  Log:35 - This test case is about to get completed
2023-05-30 21:28:38 INFO  Log:29 - ######################################
2023-05-30 21:28:38 INFO  Log:30 - ######################################
2023-05-30 21:28:38 INFO  Log:31 - #################This test case is finished#####################
2023-05-30 21:36:12 INFO  Log:20 - *************************
2023-05-30 21:36:12 INFO  Log:21 - *************************
2023-05-30 21:36:12 INFO  Log:22 - ***********This is the beginning of my Test case************
2023-05-30 21:36:12 INFO  Log:35 - My test case is executing right now
2023-05-30 21:36:12 INFO  Log:40 - My test case might have some trivial issues
2023-05-30 21:36:38 INFO  Log:35 - This test case is about to get completed
2023-05-30 21:36:38 INFO  Log:29 - ######################################
2023-05-30 21:36:38 INFO  Log:30 - ######################################
2023-05-30 21:36:38 INFO  Log:31 - #################This test case is finished#####################
